Using pre-set license
Built from '2020.2/staging' branch; Version is '2020.2.3f1 (8ff31bc5bf5b) revision 9433883'; Using compiler version '192528614'; Build Type 'Release'
OS: 'Windows 10 Home; OS build 19041.804; Version 2004; 64bit' Language: 'de' Physical Memory: 16301 MB
BatchMode: 1, IsHumanControllingUs: 0, StartBugReporterOnCrash: 0, Is64bit: 1, IsPro: 0

 COMMAND LINE ARGUMENTS:
D:\Desktop\SAE\Unity\2020.2.3f1\Editor\Unity.exe
-adb2
-batchMode
-noUpm
-name
AssetImportWorker0
-projectPath
D:/Desktop/SAE/Unity/GPR5100S2 - Tool Development/Tool Development
-logFile
Logs/AssetImportWorker0.log
-srvPort
53549
Successfully changed project path to: D:/Desktop/SAE/Unity/GPR5100S2 - Tool Development/Tool Development
D:/Desktop/SAE/Unity/GPR5100S2 - Tool Development/Tool Development
Using Asset Import Pipeline V2.
Refreshing native plugins compatible for Editor in 18.61 ms, found 0 plugins.
Preloading 0 native plugins for Editor in 0.00 ms.
Initialize engine version: 2020.2.3f1 (8ff31bc5bf5b)
[Subsystems] Discovering subsystems at path D:/Desktop/SAE/Unity/2020.2.3f1/Editor/Data/Resources/UnitySubsystems
[Subsystems] Discovering subsystems at path D:/Desktop/SAE/Unity/GPR5100S2 - Tool Development/Tool Development/Assets
GfxDevice: creating device client; threaded=0
Direct3D:
    Version:  Direct3D 11.0 [level 11.1]
    Renderer: NVIDIA GeForce GTX 1060 6GB (ID=0x1c03)
    Vendor:   
    VRAM:     6052 MB
    Driver:   27.21.14.5751
Initialize mono
Mono path[0] = 'D:/Desktop/SAE/Unity/2020.2.3f1/Editor/Data/Managed'
Mono path[1] = 'D:/Desktop/SAE/Unity/2020.2.3f1/Editor/Data/MonoBleedingEdge/lib/mono/unityjit'
Mono config path = 'D:/Desktop/SAE/Unity/2020.2.3f1/Editor/Data/MonoBleedingEdge/etc'
Using monoOptions --debugger-agent=transport=dt_socket,embedding=1,server=y,suspend=n,address=127.0.0.1:56404
Begin MonoManager ReloadAssembly
Registering precompiled unity dll's ...
Register platform support module: D:/Desktop/SAE/Unity/2020.2.3f1/Editor/Data/PlaybackEngines/WindowsStandaloneSupport/UnityEditor.WindowsStandalone.Extensions.dll
Registered in 0.000968 seconds.
Native extension for WindowsStandalone target not found
Refreshing native plugins compatible for Editor in 18.38 ms, found 0 plugins.
Preloading 0 native plugins for Editor in 0.00 ms.
Invoked RoslynAnalysisRunner static constructor.
RoslynAnalysisRunner will not be running.
RoslynAnalysisRunner has terminated.
Mono: successfully reloaded assembly
- Completed reload, in  1.563 seconds
Platform modules already initialized, skipping
Registering precompiled user dll's ...
Registered in 0.000534 seconds.
Begin MonoManager ReloadAssembly
Native extension for WindowsStandalone target not found
Refreshing native plugins compatible for Editor in 0.17 ms, found 0 plugins.
Preloading 0 native plugins for Editor in 0.00 ms.
Invoked RoslynAnalysisRunner static constructor.
RoslynAnalysisRunner will not be running.
RoslynAnalysisRunner has terminated.
Mono: successfully reloaded assembly
- Completed reload, in  0.714 seconds
Platform modules already initialized, skipping
========================================================================
Worker process is ready to serve import requests
Launched and connected shader compiler UnityShaderCompiler.exe after 0.05 seconds
Refreshing native plugins compatible for Editor in 0.19 ms, found 0 plugins.
Preloading 0 native plugins for Editor in 0.00 ms.
Unloading 1099 Unused Serialized files (Serialized files now loaded: 0)
System memory in use before: 56.5 MB.
System memory in use after: 56.5 MB.

Unloading 10 unused Assets to reduce memory usage. Loaded Objects now: 1540.
Total: 1.548400 ms (FindLiveObjects: 0.116700 ms CreateObjectMapping: 0.034500 ms MarkObjects: 1.335000 ms  DeleteObjects: 0.061100 ms)

========================================================================
Received Import Request.
  path: Assets/Scenes
  artifactKey: Guid(3b0c000df66be534d9c992b70288439f) Importer(815301076,1909f56bfc062723c751e8b465ee728b)
Start importing Assets/Scenes using Guid(3b0c000df66be534d9c992b70288439f) Importer(815301076,1909f56bfc062723c751e8b465ee728b)  -> (artifact id: 'b5769f289a1707a795f6deff5e247fad') in 0.022417 seconds
  Import took 0.023928 seconds .

========================================================================
Received Import Request.
  Time since last request: 0.000272 seconds.
  path: Assets/Scenes/SampleScene.unity
  artifactKey: Guid(9fc0d4010bbf28b4594072e72b8655ab) Importer(815301076,1909f56bfc062723c751e8b465ee728b)
Start importing Assets/Scenes/SampleScene.unity using Guid(9fc0d4010bbf28b4594072e72b8655ab) Importer(815301076,1909f56bfc062723c751e8b465ee728b)  -> (artifact id: 'a0ba9fd0a808516969c642a6079d4ee5') in 0.042480 seconds
  Import took 0.043851 seconds .

========================================================================
Received Import Request.
  Time since last request: 9.624270 seconds.
  path: Assets/Scripts
  artifactKey: Guid(a00a7489e3117e14c9cc99b0b91d20d8) Importer(815301076,1909f56bfc062723c751e8b465ee728b)
Start importing Assets/Scripts using Guid(a00a7489e3117e14c9cc99b0b91d20d8) Importer(815301076,1909f56bfc062723c751e8b465ee728b)  -> (artifact id: 'acb9fa1a6f365d9e25906a8964f907ca') in 0.020530 seconds
  Import took 0.022062 seconds .

========================================================================
Received Import Request.
  Time since last request: 6.421752 seconds.
  path: Assets/Scripts/ToolTest.cs
  artifactKey: Guid(b37b7cc029f16a947954d9d0482afb22) Importer(815301076,1909f56bfc062723c751e8b465ee728b)
Start importing Assets/Scripts/ToolTest.cs using Guid(b37b7cc029f16a947954d9d0482afb22) Importer(815301076,1909f56bfc062723c751e8b465ee728b)  -> (artifact id: '7665114900c99cb9e9e16d0a6bd8ac5c') in 0.046761 seconds
  Import took 0.048278 seconds .

========================================================================
Received Prepare
Registering precompiled user dll's ...
Registered in 0.000423 seconds.
Begin MonoManager ReloadAssembly
Native extension for WindowsStandalone target not found
Refreshing native plugins compatible for Editor in 0.18 ms, found 0 plugins.
Preloading 0 native plugins for Editor in 0.00 ms.
Invoked RoslynAnalysisRunner static constructor.
RoslynAnalysisRunner will not be running.
RoslynAnalysisRunner has terminated.
Mono: successfully reloaded assembly
- Completed reload, in  0.672 seconds
Platform modules already initialized, skipping
Refreshing native plugins compatible for Editor in 0.16 ms, found 0 plugins.
Preloading 0 native plugins for Editor in 0.00 ms.
Unloading 1095 Unused Serialized files (Serialized files now loaded: 0)
System memory in use before: 56.5 MB.
System memory in use after: 56.6 MB.

Unloading 5 unused Assets to reduce memory usage. Loaded Objects now: 1543.
Total: 3.289200 ms (FindLiveObjects: 0.252000 ms CreateObjectMapping: 0.073100 ms MarkObjects: 2.873900 ms  DeleteObjects: 0.088200 ms)

========================================================================
Received Prepare
Registering precompiled user dll's ...
Registered in 0.000676 seconds.
Begin MonoManager ReloadAssembly
Native extension for WindowsStandalone target not found
Refreshing native plugins compatible for Editor in 0.17 ms, found 0 plugins.
Preloading 0 native plugins for Editor in 0.00 ms.
Invoked RoslynAnalysisRunner static constructor.
RoslynAnalysisRunner will not be running.
RoslynAnalysisRunner has terminated.
Mono: successfully reloaded assembly
- Completed reload, in  0.701 seconds
Platform modules already initialized, skipping
Refreshing native plugins compatible for Editor in 0.17 ms, found 0 plugins.
Preloading 0 native plugins for Editor in 0.00 ms.
Unloading 1095 Unused Serialized files (Serialized files now loaded: 0)
System memory in use before: 56.6 MB.
System memory in use after: 56.6 MB.

Unloading 5 unused Assets to reduce memory usage. Loaded Objects now: 1545.
Total: 1.503600 ms (FindLiveObjects: 0.111700 ms CreateObjectMapping: 0.030400 ms MarkObjects: 1.323400 ms  DeleteObjects: 0.037300 ms)

========================================================================
Received Import Request.
  Time since last request: 402.351923 seconds.
  path: Assets/Scripts/ToolTest.cs
  artifactKey: Guid(b37b7cc029f16a947954d9d0482afb22) Importer(815301076,1909f56bfc062723c751e8b465ee728b)
Start importing Assets/Scripts/ToolTest.cs using Guid(b37b7cc029f16a947954d9d0482afb22) Importer(815301076,1909f56bfc062723c751e8b465ee728b)  -> (artifact id: '1a7b72402735c0b699e2aba5d46b372a') in 0.021476 seconds
  Import took 0.023048 seconds .

========================================================================
Received Import Request.
  Time since last request: 0.044058 seconds.
  path: Assets/Scripts/ToolTest.cs
  artifactKey: Guid(b37b7cc029f16a947954d9d0482afb22) Importer(815301076,1909f56bfc062723c751e8b465ee728b)
Start importing Assets/Scripts/ToolTest.cs using Guid(b37b7cc029f16a947954d9d0482afb22) Importer(815301076,1909f56bfc062723c751e8b465ee728b)  -> (artifact id: '1a7b72402735c0b699e2aba5d46b372a') in 0.019880 seconds
  Import took 0.021421 seconds .

========================================================================
Received Import Request.
  Time since last request: 14.192834 seconds.
  path: Assets/Scripts/ToolTest.cs
  artifactKey: Guid(b37b7cc029f16a947954d9d0482afb22) Importer(815301076,1909f56bfc062723c751e8b465ee728b)
Start importing Assets/Scripts/ToolTest.cs using Guid(b37b7cc029f16a947954d9d0482afb22) Importer(815301076,1909f56bfc062723c751e8b465ee728b)  -> (artifact id: '9390ba12fa26e34f8105db5f8e6ac266') in 0.020116 seconds
  Import took 0.021593 seconds .

========================================================================
Received Import Request.
  Time since last request: 0.028847 seconds.
  path: Assets/Scripts/ToolTest.cs
  artifactKey: Guid(b37b7cc029f16a947954d9d0482afb22) Importer(815301076,1909f56bfc062723c751e8b465ee728b)
Start importing Assets/Scripts/ToolTest.cs using Guid(b37b7cc029f16a947954d9d0482afb22) Importer(815301076,1909f56bfc062723c751e8b465ee728b)  -> (artifact id: '9390ba12fa26e34f8105db5f8e6ac266') in 0.019326 seconds
  Import took 0.020858 seconds .

========================================================================
Received Prepare
Registering precompiled user dll's ...
Registered in 0.000453 seconds.
Begin MonoManager ReloadAssembly
Native extension for WindowsStandalone target not found
Refreshing native plugins compatible for Editor in 0.17 ms, found 0 plugins.
Preloading 0 native plugins for Editor in 0.00 ms.
Invoked RoslynAnalysisRunner static constructor.
RoslynAnalysisRunner will not be running.
RoslynAnalysisRunner has terminated.
Mono: successfully reloaded assembly
- Completed reload, in  0.684 seconds
Platform modules already initialized, skipping
Refreshing native plugins compatible for Editor in 0.16 ms, found 0 plugins.
Preloading 0 native plugins for Editor in 0.00 ms.
Unloading 1095 Unused Serialized files (Serialized files now loaded: 0)
System memory in use before: 56.6 MB.
System memory in use after: 56.6 MB.

Unloading 5 unused Assets to reduce memory usage. Loaded Objects now: 1547.
Total: 3.600700 ms (FindLiveObjects: 0.287400 ms CreateObjectMapping: 0.154900 ms MarkObjects: 3.069300 ms  DeleteObjects: 0.086300 ms)

========================================================================
Received Import Request.
  Time since last request: 6.481887 seconds.
  path: Assets/Scripts/ToolTest.cs
  artifactKey: Guid(b37b7cc029f16a947954d9d0482afb22) Importer(815301076,1909f56bfc062723c751e8b465ee728b)
Start importing Assets/Scripts/ToolTest.cs using Guid(b37b7cc029f16a947954d9d0482afb22) Importer(815301076,1909f56bfc062723c751e8b465ee728b)  -> (artifact id: '6ba776a350cafd75cbf76bbca2227ab0') in 0.021648 seconds
  Import took 0.023191 seconds .

========================================================================
Received Prepare
Registering precompiled user dll's ...
Registered in 0.000427 seconds.
Begin MonoManager ReloadAssembly
Native extension for WindowsStandalone target not found
Refreshing native plugins compatible for Editor in 0.18 ms, found 0 plugins.
Preloading 0 native plugins for Editor in 0.00 ms.
Invoked RoslynAnalysisRunner static constructor.
RoslynAnalysisRunner will not be running.
RoslynAnalysisRunner has terminated.
Mono: successfully reloaded assembly
- Completed reload, in  0.660 seconds
Platform modules already initialized, skipping
Refreshing native plugins compatible for Editor in 0.16 ms, found 0 plugins.
Preloading 0 native plugins for Editor in 0.00 ms.
Unloading 1095 Unused Serialized files (Serialized files now loaded: 0)
System memory in use before: 56.6 MB.
System memory in use after: 56.7 MB.

Unloading 5 unused Assets to reduce memory usage. Loaded Objects now: 1549.
Total: 1.514800 ms (FindLiveObjects: 0.112100 ms CreateObjectMapping: 0.029300 ms MarkObjects: 1.332900 ms  DeleteObjects: 0.039600 ms)

========================================================================
Received Prepare
Registering precompiled user dll's ...
Registered in 0.000438 seconds.
Begin MonoManager ReloadAssembly
Native extension for WindowsStandalone target not found
Refreshing native plugins compatible for Editor in 0.18 ms, found 0 plugins.
Preloading 0 native plugins for Editor in 0.00 ms.
Invoked RoslynAnalysisRunner static constructor.
RoslynAnalysisRunner will not be running.
RoslynAnalysisRunner has terminated.
Mono: successfully reloaded assembly
- Completed reload, in  0.667 seconds
Platform modules already initialized, skipping
Refreshing native plugins compatible for Editor in 0.18 ms, found 0 plugins.
Preloading 0 native plugins for Editor in 0.00 ms.
Unloading 1095 Unused Serialized files (Serialized files now loaded: 0)
System memory in use before: 56.6 MB.
System memory in use after: 56.7 MB.

Unloading 5 unused Assets to reduce memory usage. Loaded Objects now: 1551.
Total: 1.602100 ms (FindLiveObjects: 0.129400 ms CreateObjectMapping: 0.039000 ms MarkObjects: 1.386900 ms  DeleteObjects: 0.045500 ms)

========================================================================
Received Prepare
Registering precompiled user dll's ...
Registered in 0.000457 seconds.
Begin MonoManager ReloadAssembly
Native extension for WindowsStandalone target not found
Refreshing native plugins compatible for Editor in 0.26 ms, found 0 plugins.
Preloading 0 native plugins for Editor in 0.00 ms.
Invoked RoslynAnalysisRunner static constructor.
RoslynAnalysisRunner will not be running.
RoslynAnalysisRunner has terminated.
Mono: successfully reloaded assembly
- Completed reload, in  0.703 seconds
Platform modules already initialized, skipping
Refreshing native plugins compatible for Editor in 0.16 ms, found 0 plugins.
Preloading 0 native plugins for Editor in 0.00 ms.
Unloading 1095 Unused Serialized files (Serialized files now loaded: 0)
System memory in use before: 56.6 MB.
System memory in use after: 56.7 MB.

Unloading 5 unused Assets to reduce memory usage. Loaded Objects now: 1553.
Total: 1.686300 ms (FindLiveObjects: 0.119100 ms CreateObjectMapping: 0.034700 ms MarkObjects: 1.488600 ms  DeleteObjects: 0.043100 ms)

========================================================================
Received Prepare
Registering precompiled user dll's ...
Registered in 0.000448 seconds.
Begin MonoManager ReloadAssembly
Native extension for WindowsStandalone target not found
Refreshing native plugins compatible for Editor in 0.19 ms, found 0 plugins.
Preloading 0 native plugins for Editor in 0.00 ms.
Invoked RoslynAnalysisRunner static constructor.
RoslynAnalysisRunner will not be running.
RoslynAnalysisRunner has terminated.
Mono: successfully reloaded assembly
- Completed reload, in  0.678 seconds
Platform modules already initialized, skipping
Refreshing native plugins compatible for Editor in 0.16 ms, found 0 plugins.
Preloading 0 native plugins for Editor in 0.00 ms.
Unloading 1095 Unused Serialized files (Serialized files now loaded: 0)
System memory in use before: 56.6 MB.
System memory in use after: 56.7 MB.

Unloading 5 unused Assets to reduce memory usage. Loaded Objects now: 1555.
Total: 1.430800 ms (FindLiveObjects: 0.101200 ms CreateObjectMapping: 0.025000 ms MarkObjects: 1.261700 ms  DeleteObjects: 0.041900 ms)

========================================================================
Received Import Request.
  Time since last request: 298.747917 seconds.
  path: Assets/Scripts/ToolTest.cs
  artifactKey: Guid(b37b7cc029f16a947954d9d0482afb22) Importer(815301076,1909f56bfc062723c751e8b465ee728b)
Start importing Assets/Scripts/ToolTest.cs using Guid(b37b7cc029f16a947954d9d0482afb22) Importer(815301076,1909f56bfc062723c751e8b465ee728b)  -> (artifact id: 'b9d5fd8d9f9860424e6f82206c235c6e') in 0.021170 seconds
  Import took 0.022727 seconds .

========================================================================
Received Import Request.
  Time since last request: 0.009366 seconds.
  path: Assets/Scripts/ToolTest.cs
  artifactKey: Guid(b37b7cc029f16a947954d9d0482afb22) Importer(815301076,1909f56bfc062723c751e8b465ee728b)
Start importing Assets/Scripts/ToolTest.cs using Guid(b37b7cc029f16a947954d9d0482afb22) Importer(815301076,1909f56bfc062723c751e8b465ee728b)  -> (artifact id: 'b9d5fd8d9f9860424e6f82206c235c6e') in 0.020261 seconds
  Import took 0.021804 seconds .

========================================================================
Received Prepare
Registering precompiled user dll's ...
Registered in 0.000485 seconds.
Begin MonoManager ReloadAssembly
Native extension for WindowsStandalone target not found
Refreshing native plugins compatible for Editor in 0.18 ms, found 0 plugins.
Preloading 0 native plugins for Editor in 0.00 ms.
Invoked RoslynAnalysisRunner static constructor.
RoslynAnalysisRunner will not be running.
RoslynAnalysisRunner has terminated.
Mono: successfully reloaded assembly
- Completed reload, in  0.672 seconds
Platform modules already initialized, skipping
Refreshing native plugins compatible for Editor in 0.18 ms, found 0 plugins.
Preloading 0 native plugins for Editor in 0.00 ms.
Unloading 1095 Unused Serialized files (Serialized files now loaded: 0)
System memory in use before: 56.6 MB.
System memory in use after: 56.7 MB.

Unloading 5 unused Assets to reduce memory usage. Loaded Objects now: 1557.
Total: 1.587500 ms (FindLiveObjects: 0.178900 ms CreateObjectMapping: 0.063200 ms MarkObjects: 1.303800 ms  DeleteObjects: 0.040900 ms)

========================================================================
Received Prepare
Registering precompiled user dll's ...
Registered in 0.000535 seconds.
Begin MonoManager ReloadAssembly
Native extension for WindowsStandalone target not found
Refreshing native plugins compatible for Editor in 0.19 ms, found 0 plugins.
Preloading 0 native plugins for Editor in 0.00 ms.
Invoked RoslynAnalysisRunner static constructor.
RoslynAnalysisRunner will not be running.
RoslynAnalysisRunner has terminated.
Mono: successfully reloaded assembly
- Completed reload, in  0.677 seconds
Platform modules already initialized, skipping
Refreshing native plugins compatible for Editor in 0.17 ms, found 0 plugins.
Preloading 0 native plugins for Editor in 0.00 ms.
Unloading 1095 Unused Serialized files (Serialized files now loaded: 0)
System memory in use before: 56.6 MB.
System memory in use after: 56.7 MB.

Unloading 5 unused Assets to reduce memory usage. Loaded Objects now: 1559.
Total: 1.363200 ms (FindLiveObjects: 0.134000 ms CreateObjectMapping: 0.030200 ms MarkObjects: 1.158900 ms  DeleteObjects: 0.039600 ms)

========================================================================
Received Import Request.
  Time since last request: 955.162323 seconds.
  path: Assets/Scripts/ToolTest.cs
  artifactKey: Guid(b37b7cc029f16a947954d9d0482afb22) Importer(815301076,1909f56bfc062723c751e8b465ee728b)
Start importing Assets/Scripts/ToolTest.cs using Guid(b37b7cc029f16a947954d9d0482afb22) Importer(815301076,1909f56bfc062723c751e8b465ee728b)  -> (artifact id: '00bf0006bd038dff6090210414d63098') in 0.020986 seconds
  Import took 0.022558 seconds .

========================================================================
Received Import Request.
  Time since last request: 3.946165 seconds.
  path: Assets/Editor
  artifactKey: Guid(541ca12a6941d0c4c9981edca4798347) Importer(815301076,1909f56bfc062723c751e8b465ee728b)
Start importing Assets/Editor using Guid(541ca12a6941d0c4c9981edca4798347) Importer(815301076,1909f56bfc062723c751e8b465ee728b)  -> (artifact id: 'e2ed633cdb0e2ca56840c144a867d1b4') in 0.022756 seconds
  Import took 0.024266 seconds .

========================================================================
Received Prepare
Registering precompiled user dll's ...
Registered in 0.000446 seconds.
Begin MonoManager ReloadAssembly
Native extension for WindowsStandalone target not found
Refreshing native plugins compatible for Editor in 0.18 ms, found 0 plugins.
Preloading 0 native plugins for Editor in 0.00 ms.
Invoked RoslynAnalysisRunner static constructor.
RoslynAnalysisRunner will not be running.
RoslynAnalysisRunner has terminated.
Mono: successfully reloaded assembly
- Completed reload, in  0.673 seconds
Platform modules already initialized, skipping
Refreshing native plugins compatible for Editor in 0.17 ms, found 0 plugins.
Preloading 0 native plugins for Editor in 0.00 ms.
Unloading 1095 Unused Serialized files (Serialized files now loaded: 0)
System memory in use before: 56.6 MB.
System memory in use after: 56.7 MB.

Unloading 5 unused Assets to reduce memory usage. Loaded Objects now: 1561.
Total: 1.787900 ms (FindLiveObjects: 0.221800 ms CreateObjectMapping: 0.094300 ms MarkObjects: 1.425800 ms  DeleteObjects: 0.044100 ms)

========================================================================
Received Prepare
Registering precompiled user dll's ...
Registered in 0.000494 seconds.
Begin MonoManager ReloadAssembly
Native extension for WindowsStandalone target not found
Refreshing native plugins compatible for Editor in 0.20 ms, found 0 plugins.
Preloading 0 native plugins for Editor in 0.00 ms.
Invoked RoslynAnalysisRunner static constructor.
RoslynAnalysisRunner will not be running.
RoslynAnalysisRunner has terminated.
Mono: successfully reloaded assembly
- Completed reload, in  0.703 seconds
Platform modules already initialized, skipping
Refreshing native plugins compatible for Editor in 0.17 ms, found 0 plugins.
Preloading 0 native plugins for Editor in 0.00 ms.
Unloading 1095 Unused Serialized files (Serialized files now loaded: 0)
System memory in use before: 56.6 MB.
System memory in use after: 56.7 MB.

Unloading 5 unused Assets to reduce memory usage. Loaded Objects now: 1563.
Total: 1.591600 ms (FindLiveObjects: 0.128600 ms CreateObjectMapping: 0.032200 ms MarkObjects: 1.378100 ms  DeleteObjects: 0.050900 ms)

========================================================================
Received Prepare
Registering precompiled user dll's ...
Registered in 0.000427 seconds.
Begin MonoManager ReloadAssembly
Native extension for WindowsStandalone target not found
Refreshing native plugins compatible for Editor in 0.18 ms, found 0 plugins.
Preloading 0 native plugins for Editor in 0.00 ms.
Invoked RoslynAnalysisRunner static constructor.
RoslynAnalysisRunner will not be running.
RoslynAnalysisRunner has terminated.
Mono: successfully reloaded assembly
- Completed reload, in  0.763 seconds
Platform modules already initialized, skipping
Refreshing native plugins compatible for Editor in 0.20 ms, found 0 plugins.
Preloading 0 native plugins for Editor in 0.00 ms.
Unloading 1095 Unused Serialized files (Serialized files now loaded: 0)
System memory in use before: 56.6 MB.
System memory in use after: 56.7 MB.

Unloading 5 unused Assets to reduce memory usage. Loaded Objects now: 1565.
Total: 1.635600 ms (FindLiveObjects: 0.188400 ms CreateObjectMapping: 0.065800 ms MarkObjects: 1.334900 ms  DeleteObjects: 0.044600 ms)

========================================================================
Received Import Request.
  Time since last request: 44.688380 seconds.
  path: Assets/Editor/SpriteProcessor.cs
  artifactKey: Guid(5d5ad9403022d3a49a5ff01594f4043b) Importer(815301076,1909f56bfc062723c751e8b465ee728b)
Start importing Assets/Editor/SpriteProcessor.cs using Guid(5d5ad9403022d3a49a5ff01594f4043b) Importer(815301076,1909f56bfc062723c751e8b465ee728b)  -> (artifact id: '407fde8213e671022c81cf35d2973eb7') in 0.023138 seconds
  Import took 0.025138 seconds .

========================================================================
Received Import Request.
  Time since last request: 0.000524 seconds.
  path: Assets/Editor/SpriteProcessor.cs
  artifactKey: Guid(5d5ad9403022d3a49a5ff01594f4043b) Importer(815301076,1909f56bfc062723c751e8b465ee728b)
Start importing Assets/Editor/SpriteProcessor.cs using Guid(5d5ad9403022d3a49a5ff01594f4043b) Importer(815301076,1909f56bfc062723c751e8b465ee728b)  -> (artifact id: '407fde8213e671022c81cf35d2973eb7') in 0.028611 seconds
  Import took 0.030100 seconds .

========================================================================
Received Prepare
Registering precompiled user dll's ...
Registered in 0.000526 seconds.
Begin MonoManager ReloadAssembly
Native extension for WindowsStandalone target not found
Refreshing native plugins compatible for Editor in 0.20 ms, found 0 plugins.
Preloading 0 native plugins for Editor in 0.00 ms.
Invoked RoslynAnalysisRunner static constructor.
RoslynAnalysisRunner will not be running.
RoslynAnalysisRunner has terminated.
Mono: successfully reloaded assembly
- Completed reload, in  0.688 seconds
Platform modules already initialized, skipping
Refreshing native plugins compatible for Editor in 0.29 ms, found 0 plugins.
Preloading 0 native plugins for Editor in 0.00 ms.
Unloading 1096 Unused Serialized files (Serialized files now loaded: 0)
System memory in use before: 56.6 MB.
System memory in use after: 56.7 MB.

Unloading 5 unused Assets to reduce memory usage. Loaded Objects now: 1568.
Total: 1.640200 ms (FindLiveObjects: 0.249800 ms CreateObjectMapping: 0.034500 ms MarkObjects: 1.313100 ms  DeleteObjects: 0.041600 ms)

========================================================================
Received Prepare
Registering precompiled user dll's ...
Registered in 0.000447 seconds.
Begin MonoManager ReloadAssembly
Native extension for WindowsStandalone target not found
Refreshing native plugins compatible for Editor in 0.18 ms, found 0 plugins.
Preloading 0 native plugins for Editor in 0.00 ms.
Invoked RoslynAnalysisRunner static constructor.
RoslynAnalysisRunner will not be running.
RoslynAnalysisRunner has terminated.
Mono: successfully reloaded assembly
- Completed reload, in  0.689 seconds
Platform modules already initialized, skipping
Refreshing native plugins compatible for Editor in 0.18 ms, found 0 plugins.
Preloading 0 native plugins for Editor in 0.00 ms.
Unloading 1096 Unused Serialized files (Serialized files now loaded: 0)
System memory in use before: 56.6 MB.
System memory in use after: 56.7 MB.

Unloading 5 unused Assets to reduce memory usage. Loaded Objects now: 1570.
Total: 1.559100 ms (FindLiveObjects: 0.127900 ms CreateObjectMapping: 0.034500 ms MarkObjects: 1.345100 ms  DeleteObjects: 0.050400 ms)

========================================================================
Received Import Request.
  Time since last request: 447.307182 seconds.
  path: Assets/Editor/SpriteProcessor.cs
  artifactKey: Guid(5d5ad9403022d3a49a5ff01594f4043b) Importer(815301076,1909f56bfc062723c751e8b465ee728b)
Start importing Assets/Editor/SpriteProcessor.cs using Guid(5d5ad9403022d3a49a5ff01594f4043b) Importer(815301076,1909f56bfc062723c751e8b465ee728b)  -> (artifact id: '185df47d9014ab4974ac66338273b51d') in 0.022197 seconds
  Import took 0.023792 seconds .

========================================================================
Received Import Request.
  Time since last request: 0.006849 seconds.
  path: Assets/Editor/SpriteProcessor.cs
  artifactKey: Guid(5d5ad9403022d3a49a5ff01594f4043b) Importer(815301076,1909f56bfc062723c751e8b465ee728b)
Start importing Assets/Editor/SpriteProcessor.cs using Guid(5d5ad9403022d3a49a5ff01594f4043b) Importer(815301076,1909f56bfc062723c751e8b465ee728b)  -> (artifact id: '185df47d9014ab4974ac66338273b51d') in 0.021339 seconds
  Import took 0.022956 seconds .

========================================================================
Received Import Request.
  Time since last request: 19.140050 seconds.
  path: Assets/Sprites
  artifactKey: Guid(e9eb962593262cc4aba80c9f03615370) Importer(815301076,1909f56bfc062723c751e8b465ee728b)
Start importing Assets/Sprites using Guid(e9eb962593262cc4aba80c9f03615370) Importer(815301076,1909f56bfc062723c751e8b465ee728b)  -> (artifact id: '12b21180cb86955224a1e0377df42206') in 0.021724 seconds
  Import took 0.023483 seconds .

========================================================================
Received Import Request.
  Time since last request: 16.847947 seconds.
  path: Assets/Sprites/space.png
  artifactKey: Guid(7ab941be1f9baf5468df5d8edb821002) Importer(815301076,1909f56bfc062723c751e8b465ee728b)
Start importing Assets/Sprites/space.png using Guid(7ab941be1f9baf5468df5d8edb821002) Importer(815301076,1909f56bfc062723c751e8b465ee728b)  -> (artifact id: '94e195547d151aaba5f69feaf4baa6d3') in 0.191797 seconds
  Import took 0.193403 seconds .

========================================================================
Received Import Request.
  Time since last request: 120.788092 seconds.
  path: Assets/Editor/SelectAllOfTag.cs
  artifactKey: Guid(e5e2b6cacf7a53b4ba2a5b41d41c4f70) Importer(815301076,1909f56bfc062723c751e8b465ee728b)
Start importing Assets/Editor/SelectAllOfTag.cs using Guid(e5e2b6cacf7a53b4ba2a5b41d41c4f70) Importer(815301076,1909f56bfc062723c751e8b465ee728b)  -> (artifact id: '118821284ed47d721b698ad44ce50607') in 0.020225 seconds
  Import took 0.022076 seconds .

========================================================================
Received Prepare
Registering precompiled user dll's ...
Registered in 0.000436 seconds.
Begin MonoManager ReloadAssembly
Native extension for WindowsStandalone target not found
Refreshing native plugins compatible for Editor in 0.18 ms, found 0 plugins.
Preloading 0 native plugins for Editor in 0.00 ms.
Invoked RoslynAnalysisRunner static constructor.
RoslynAnalysisRunner will not be running.
RoslynAnalysisRunner has terminated.
Mono: successfully reloaded assembly
- Completed reload, in  0.675 seconds
Platform modules already initialized, skipping
Refreshing native plugins compatible for Editor in 0.17 ms, found 0 plugins.
Preloading 0 native plugins for Editor in 0.00 ms.
Unloading 1097 Unused Serialized files (Serialized files now loaded: 0)
System memory in use before: 56.7 MB.
System memory in use after: 56.8 MB.

Unloading 5 unused Assets to reduce memory usage. Loaded Objects now: 1575.
Total: 1.738400 ms (FindLiveObjects: 0.189900 ms CreateObjectMapping: 0.049800 ms MarkObjects: 1.454000 ms  DeleteObjects: 0.043400 ms)

========================================================================
Received Prepare
Registering precompiled user dll's ...
Registered in 0.000499 seconds.
Begin MonoManager ReloadAssembly
Native extension for WindowsStandalone target not found
Refreshing native plugins compatible for Editor in 0.19 ms, found 0 plugins.
Preloading 0 native plugins for Editor in 0.00 ms.
Invoked RoslynAnalysisRunner static constructor.
RoslynAnalysisRunner will not be running.
RoslynAnalysisRunner has terminated.
Mono: successfully reloaded assembly
- Completed reload, in  0.716 seconds
Platform modules already initialized, skipping
Refreshing native plugins compatible for Editor in 0.18 ms, found 0 plugins.
Preloading 0 native plugins for Editor in 0.00 ms.
Unloading 1097 Unused Serialized files (Serialized files now loaded: 0)
System memory in use before: 56.7 MB.
System memory in use after: 56.8 MB.

Unloading 5 unused Assets to reduce memory usage. Loaded Objects now: 1577.
Total: 1.520700 ms (FindLiveObjects: 0.134200 ms CreateObjectMapping: 0.034300 ms MarkObjects: 1.303200 ms  DeleteObjects: 0.048100 ms)

========================================================================
Received Import Request.
  Time since last request: 112.468895 seconds.
  path: Assets/Editor/SelectAllOfTag.cs
  artifactKey: Guid(e5e2b6cacf7a53b4ba2a5b41d41c4f70) Importer(815301076,1909f56bfc062723c751e8b465ee728b)
Start importing Assets/Editor/SelectAllOfTag.cs using Guid(e5e2b6cacf7a53b4ba2a5b41d41c4f70) Importer(815301076,1909f56bfc062723c751e8b465ee728b)  -> (artifact id: '1633c67c3430b747b9f5dec40aa0cbad') in 0.020724 seconds
  Import took 0.022276 seconds .

========================================================================
Received Prepare
Registering precompiled user dll's ...
Registered in 0.000449 seconds.
Begin MonoManager ReloadAssembly
Native extension for WindowsStandalone target not found
Refreshing native plugins compatible for Editor in 0.18 ms, found 0 plugins.
Preloading 0 native plugins for Editor in 0.00 ms.
Invoked RoslynAnalysisRunner static constructor.
RoslynAnalysisRunner will not be running.
RoslynAnalysisRunner has terminated.
Mono: successfully reloaded assembly
- Completed reload, in  0.675 seconds
Platform modules already initialized, skipping
Refreshing native plugins compatible for Editor in 0.17 ms, found 0 plugins.
Preloading 0 native plugins for Editor in 0.00 ms.
Unloading 1097 Unused Serialized files (Serialized files now loaded: 0)
System memory in use before: 56.7 MB.
System memory in use after: 56.8 MB.

Unloading 5 unused Assets to reduce memory usage. Loaded Objects now: 1579.
Total: 1.397400 ms (FindLiveObjects: 0.129300 ms CreateObjectMapping: 0.039700 ms MarkObjects: 1.186200 ms  DeleteObjects: 0.041400 ms)

========================================================================
Received Prepare
Registering precompiled user dll's ...
Registered in 0.000449 seconds.
Begin MonoManager ReloadAssembly
Native extension for WindowsStandalone target not found
Refreshing native plugins compatible for Editor in 0.17 ms, found 0 plugins.
Preloading 0 native plugins for Editor in 0.00 ms.
Invoked RoslynAnalysisRunner static constructor.
RoslynAnalysisRunner will not be running.
RoslynAnalysisRunner has terminated.
Mono: successfully reloaded assembly
- Completed reload, in  0.681 seconds
Platform modules already initialized, skipping
Refreshing native plugins compatible for Editor in 0.19 ms, found 0 plugins.
Preloading 0 native plugins for Editor in 0.00 ms.
Unloading 1097 Unused Serialized files (Serialized files now loaded: 0)
System memory in use before: 56.7 MB.
System memory in use after: 56.8 MB.

Unloading 5 unused Assets to reduce memory usage. Loaded Objects now: 1581.
Total: 4.439600 ms (FindLiveObjects: 0.336900 ms CreateObjectMapping: 0.117300 ms MarkObjects: 3.865200 ms  DeleteObjects: 0.117100 ms)

========================================================================
Received Prepare
Registering precompiled user dll's ...
Registered in 0.000472 seconds.
Begin MonoManager ReloadAssembly
Native extension for WindowsStandalone target not found
Refreshing native plugins compatible for Editor in 0.18 ms, found 0 plugins.
Preloading 0 native plugins for Editor in 0.00 ms.
Invoked RoslynAnalysisRunner static constructor.
RoslynAnalysisRunner will not be running.
RoslynAnalysisRunner has terminated.
Mono: successfully reloaded assembly
- Completed reload, in  0.663 seconds
Platform modules already initialized, skipping
Refreshing native plugins compatible for Editor in 0.17 ms, found 0 plugins.
Preloading 0 native plugins for Editor in 0.00 ms.
Unloading 1097 Unused Serialized files (Serialized files now loaded: 0)
System memory in use before: 56.7 MB.
System memory in use after: 56.8 MB.

Unloading 5 unused Assets to reduce memory usage. Loaded Objects now: 1583.
Total: 1.414600 ms (FindLiveObjects: 0.103100 ms CreateObjectMapping: 0.024100 ms MarkObjects: 1.241700 ms  DeleteObjects: 0.044400 ms)

========================================================================
Received Prepare
Registering precompiled user dll's ...
Registered in 0.000469 seconds.
Begin MonoManager ReloadAssembly
Native extension for WindowsStandalone target not found
Refreshing native plugins compatible for Editor in 0.18 ms, found 0 plugins.
Preloading 0 native plugins for Editor in 0.00 ms.
Invoked RoslynAnalysisRunner static constructor.
RoslynAnalysisRunner will not be running.
RoslynAnalysisRunner has terminated.
Mono: successfully reloaded assembly
- Completed reload, in  0.665 seconds
Platform modules already initialized, skipping
Refreshing native plugins compatible for Editor in 0.19 ms, found 0 plugins.
Preloading 0 native plugins for Editor in 0.00 ms.
Unloading 1097 Unused Serialized files (Serialized files now loaded: 0)
System memory in use before: 56.7 MB.
System memory in use after: 56.8 MB.

Unloading 5 unused Assets to reduce memory usage. Loaded Objects now: 1585.
Total: 1.506000 ms (FindLiveObjects: 0.182300 ms CreateObjectMapping: 0.044900 ms MarkObjects: 1.236900 ms  DeleteObjects: 0.040700 ms)

========================================================================
Received Prepare
Registering precompiled user dll's ...
Registered in 0.000436 seconds.
Begin MonoManager ReloadAssembly
Native extension for WindowsStandalone target not found
Refreshing native plugins compatible for Editor in 0.26 ms, found 0 plugins.
Preloading 0 native plugins for Editor in 0.00 ms.
Invoked RoslynAnalysisRunner static constructor.
RoslynAnalysisRunner will not be running.
RoslynAnalysisRunner has terminated.
Mono: successfully reloaded assembly
- Completed reload, in  0.664 seconds
Platform modules already initialized, skipping
Refreshing native plugins compatible for Editor in 0.17 ms, found 0 plugins.
Preloading 0 native plugins for Editor in 0.00 ms.
Unloading 1097 Unused Serialized files (Serialized files now loaded: 0)
System memory in use before: 56.7 MB.
System memory in use after: 56.8 MB.

Unloading 5 unused Assets to reduce memory usage. Loaded Objects now: 1587.
Total: 4.045300 ms (FindLiveObjects: 0.486400 ms CreateObjectMapping: 0.274600 ms MarkObjects: 3.189300 ms  DeleteObjects: 0.091500 ms)

========================================================================
Received Prepare
Registering precompiled user dll's ...
Registered in 0.000472 seconds.
Begin MonoManager ReloadAssembly
Native extension for WindowsStandalone target not found
Refreshing native plugins compatible for Editor in 0.19 ms, found 0 plugins.
Preloading 0 native plugins for Editor in 0.00 ms.
Invoked RoslynAnalysisRunner static constructor.
RoslynAnalysisRunner will not be running.
RoslynAnalysisRunner has terminated.
Mono: successfully reloaded assembly
- Completed reload, in  0.670 seconds
Platform modules already initialized, skipping
Refreshing native plugins compatible for Editor in 0.19 ms, found 0 plugins.
Preloading 0 native plugins for Editor in 0.00 ms.
Unloading 1097 Unused Serialized files (Serialized files now loaded: 0)
System memory in use before: 56.7 MB.
System memory in use after: 56.8 MB.

Unloading 5 unused Assets to reduce memory usage. Loaded Objects now: 1589.
Total: 1.547300 ms (FindLiveObjects: 0.166800 ms CreateObjectMapping: 0.039000 ms MarkObjects: 1.288400 ms  DeleteObjects: 0.051800 ms)

AssetImportWorkerClient::OnTransportError - code=2 error=End of file
